<?xml version="1.0" encoding="utf-8"?><testsuites name="pytest tests"><testsuite name="pytest" errors="0" failures="0" skipped="0" tests="27" time="5.973" timestamp="2026-03-20T00:38:18.701174+00:00" hostname="agent-env-17b05509-2031-4d17-afa9-b9b3bb5cdc54"><testcase classname="backend.tests.test_phase4_apis.TestHealthEndpoint" name="test_health_returns_200" time="0.161" /><testcase classname="backend.tests.test_phase4_apis.TestObservabilityEndpoint" name="test_observability_returns_summary_agents_tenants" time="0.489" /><testcase classname="backend.tests.test_phase4_apis.TestObservabilityEndpoint" name="test_observability_with_hotel_filter" time="0.256" /><testcase classname="backend.tests.test_phase4_apis.TestObservabilityEndpoint" name="test_observability_tenant_has_required_fields" time="0.131" /><testcase classname="backend.tests.test_phase4_apis.TestGoLiveChecklistEndpoint" name="test_go_live_checklist_returns_items" time="0.115" /><testcase classname="backend.tests.test_phase4_apis.TestGoLiveChecklistEndpoint" name="test_go_live_checklist_passed_total_consistency" time="0.125" /><testcase classname="backend.tests.test_phase4_apis.TestGoLiveChecklistEndpoint" name="test_go_live_checklist_invalid_hotel_404" time="0.114" /><testcase classname="backend.tests.test_phase4_apis.TestComplianceStatusEndpoint" name="test_compliance_status_admin_access" time="0.111" /><testcase classname="backend.tests.test_phase4_apis.TestComplianceStatusEndpoint" name="test_compliance_status_manager_access" time="0.640" /><testcase classname="backend.tests.test_phase4_apis.TestComplianceStatusEndpoint" name="test_compliance_status_front_desk_denied" time="0.464" /><testcase classname="backend.tests.test_phase4_apis.TestComplianceAccessLogEndpoint" name="test_compliance_access_log_admin_only" time="0.117" /><testcase classname="backend.tests.test_phase4_apis.TestComplianceAccessLogEndpoint" name="test_compliance_access_log_manager_denied" time="0.121" /><testcase classname="backend.tests.test_phase4_apis.TestComplianceAccessLogEndpoint" name="test_compliance_access_log_front_desk_denied" time="0.217" /><testcase classname="backend.tests.test_phase4_apis.TestComplianceExportEndpoint" name="test_compliance_export_admin" time="0.126" /><testcase classname="backend.tests.test_phase4_apis.TestComplianceExportEndpoint" name="test_compliance_export_manager" time="0.124" /><testcase classname="backend.tests.test_phase4_apis.TestComplianceExportEndpoint" name="test_compliance_export_front_desk_denied" time="0.145" /><testcase classname="backend.tests.test_phase4_apis.TestComplianceDeletionEndpoint" name="test_compliance_deletion_request_admin_only" time="0.119" /><testcase classname="backend.tests.test_phase4_apis.TestComplianceDeletionEndpoint" name="test_compliance_deletion_request_manager_denied" time="0.107" /><testcase classname="backend.tests.test_phase4_apis.TestDeploymentGuideEndpoint" name="test_deployment_guide_returns_structure" time="0.108" /><testcase classname="backend.tests.test_phase4_apis.TestDeploymentGuideEndpoint" name="test_deployment_guide_architecture_components" time="0.123" /><testcase classname="backend.tests.test_phase4_apis.TestDeploymentGuideEndpoint" name="test_deployment_guide_agent_installation_steps" time="0.107" /><testcase classname="backend.tests.test_phase4_apis.TestDeploymentGuideEndpoint" name="test_deployment_guide_environment_separation" time="0.113" /><testcase classname="backend.tests.test_phase4_apis.TestLoginAuditLogging" name="test_login_creates_audit_event" time="0.760" /><testcase classname="backend.tests.test_phase4_apis.TestRBACForPhase4Features" name="test_front_desk_cannot_access_observability" time="0.110" /><testcase classname="backend.tests.test_phase4_apis.TestRBACForPhase4Features" name="test_admin_full_access" time="0.607" /><testcase classname="backend.tests.test_phase4_apis.TestUnauthenticatedAccess" name="test_compliance_requires_auth" time="0.123" /><testcase classname="backend.tests.test_phase4_apis.TestUnauthenticatedAccess" name="test_compliance_access_log_requires_auth" time="0.104" /></testsuite></testsuites>